1	: H 1	: started
2	: H 1	: waiting
3	: H 2	: started
4	: H 2	: waiting
5	: H 4	: started
6	: H 4	: waiting
7	: H 3	: started
8	: H 3	: waiting
9	: O 1	: started
10	: O 1	: ready
11	: H 2	: begin bonding
12	: O 1	: begin bonding
13	: O 2	: started
14	: H 1	: begin bonding
15	: H 2	: bonded
16	: O 1	: bonded
17	: H 1	: bonded
18	: O 2	: ready
19	: H 3	: begin bonding
20	: H 4	: begin bonding
21	: O 2	: begin bonding
22	: H 3	: bonded
23	: H 4	: bonded
24	: O 2	: bonded
25	: H 2	: finished
26	: O 1	: finished
27	: H 1	: finished
28	: H 3	: finished
29	: H 4	: finished
30	: O 2	: finished
